#
# There is insufficient memory for the Java Runtime Environment to continue.
# Native memory allocation (mmap) failed to map 146800640 bytes for G1 virtual space
# Possible reasons:
#   The system is out of physical RAM or swap space
#   The process is running with CompressedOops enabled, and the Java Heap may be blocking the growth of the native heap
# Possible solutions:
#   Reduce memory load on the system
#   Increase physical memory or swap space
#   Check if swap backing store is full
#   Decrease Java heap size (-Xmx/-Xms)
#   Decrease number of Java threads
#   Decrease Java thread stack sizes (-Xss)
#   Set larger code cache with -XX:ReservedCodeCacheSize=
#   JVM is running with Zero Based Compressed Oops mode in which the Java heap is
#     placed in the first 32GB address space. The Java Heap base address is the
#     maximum limit for the native heap growth. Please use -XX:HeapBaseMinAddress
#     to set the Java Heap base and to place the Java Heap above 32GB virtual address.
# This output file may be truncated or incomplete.
#
#  Out of Memory Error (os_windows.cpp:3535), pid=10460, tid=45940
#
# JRE version: Java(TM) SE Runtime Environment (17.0.4.1+1) (build 17.0.4.1+1-LTS-2)
# Java VM: Java HotSpot(TM) 64-Bit Server VM (17.0.4.1+1-LTS-2, mixed mode, sharing, tiered, compressed oops, compressed class ptrs, g1 gc, windows-amd64)
# No core dump will be written. Minidumps are not enabled by default on client versions of Windows
#

---------------  S U M M A R Y ------------

Command Line: -Dfile.encoding=UTF-8 -XX:+ShowCodeDetailsInExceptionMessages Run

Host: Intel(R) Core(TM) i7-10510U CPU @ 1.80GHz, 8 cores, 15G,  Windows 10 , 64 bit Build 18362 (10.0.18362.1500)
Time: Mon Feb 20 00:58:44 2023 Eastern Standard Time elapsed time: 28.274783 seconds (0d 0h 0m 28s)

---------------  T H R E A D  ---------------

Current thread (0x000001377dba8b10):  VMThread "VM Thread" [stack: 0x0000001aaa400000,0x0000001aaa500000] [id=45940]

Stack: [0x0000001aaa400000,0x0000001aaa500000]
Native frames: (J=compiled Java code, j=interpreted, Vv=VM code, C=native code)
V  [jvm.dll+0x6723ba]
V  [jvm.dll+0x7d1e34]
V  [jvm.dll+0x7d35de]
V  [jvm.dll+0x7d3c43]
V  [jvm.dll+0x243065]
V  [jvm.dll+0x66f2d9]
V  [jvm.dll+0x663c22]
V  [jvm.dll+0x3011cb]
V  [jvm.dll+0x308766]
V  [jvm.dll+0x35846e]
V  [jvm.dll+0x35869f]
V  [jvm.dll+0x2d83e8]
V  [jvm.dll+0x2d66b4]
V  [jvm.dll+0x2d5cbc]
V  [jvm.dll+0x31972b]
V  [jvm.dll+0x7d811b]
V  [jvm.dll+0x7d8e54]
V  [jvm.dll+0x7d936c]
V  [jvm.dll+0x7d9744]
V  [jvm.dll+0x7d9810]
V  [jvm.dll+0x781fca]
V  [jvm.dll+0x671245]
C  [ucrtbase.dll+0x210b2]
C  [KERNEL32.DLL+0x17c24]
C  [ntdll.dll+0x6d721]

VM_Operation (0x0000001aa9eff190): G1CollectForAllocation, mode: safepoint, requested by thread 0x000001376a01c650


---------------  P R O C E S S  ---------------

Threads class SMR info:
_java_thread_list=0x000001377e6255a0, length=12, elements={
0x000001376a01c650, 0x000001377dbae770, 0x000001377dbb0000, 0x000001377dbbfdd0,
0x000001377dbc0980, 0x000001377dbc3340, 0x000001377dbc3cf0, 0x000001377dbc4a80,
0x000001377e548490, 0x000001377e552a90, 0x000001377e613ac0, 0x000001377e628280
}

Java Threads: ( => current thread )
  0x000001376a01c650 JavaThread "main" [_thread_blocked, id=45096, stack(0x0000001aa9e00000,0x0000001aa9f00000)]
  0x000001377dbae770 JavaThread "Reference Handler" daemon [_thread_blocked, id=42844, stack(0x0000001aaa500000,0x0000001aaa600000)]
  0x000001377dbb0000 JavaThread "Finalizer" daemon [_thread_blocked, id=30020, stack(0x0000001aaa600000,0x0000001aaa700000)]
  0x000001377dbbfdd0 JavaThread "Signal Dispatcher" daemon [_thread_blocked, id=32192, stack(0x0000001aaa700000,0x0000001aaa800000)]
  0x000001377dbc0980 JavaThread "Attach Listener" daemon [_thread_blocked, id=32204, stack(0x0000001aaa800000,0x0000001aaa900000)]
  0x000001377dbc3340 JavaThread "Service Thread" daemon [_thread_blocked, id=25776, stack(0x0000001aaa900000,0x0000001aaaa00000)]
  0x000001377dbc3cf0 JavaThread "Monitor Deflation Thread" daemon [_thread_blocked, id=43144, stack(0x0000001aaaa00000,0x0000001aaab00000)]
  0x000001377dbc4a80 JavaThread "C2 CompilerThread0" daemon [_thread_blocked, id=32156, stack(0x0000001aaab00000,0x0000001aaac00000)]
  0x000001377e548490 JavaThread "C1 CompilerThread0" daemon [_thread_blocked, id=45216, stack(0x0000001aaac00000,0x0000001aaad00000)]
  0x000001377e552a90 JavaThread "Sweeper thread" daemon [_thread_blocked, id=9328, stack(0x0000001aaad00000,0x0000001aaae00000)]
  0x000001377e613ac0 JavaThread "Notification Thread" daemon [_thread_blocked, id=12532, stack(0x0000001aaae00000,0x0000001aaaf00000)]
  0x000001377e628280 JavaThread "Common-Cleaner" daemon [_thread_blocked, id=42268, stack(0x0000001aab000000,0x0000001aab100000)]

Other Threads:
=>0x000001377dba8b10 VMThread "VM Thread" [stack: 0x0000001aaa400000,0x0000001aaa500000] [id=45940]
  0x000001377e617fb0 WatcherThread [stack: 0x0000001aaaf00000,0x0000001aab000000] [id=38836]
  0x000001376a088840 GCTaskThread "GC Thread#0" [stack: 0x0000001aa9f00000,0x0000001aaa000000] [id=45316]
  0x000001377e7d6dc0 GCTaskThread "GC Thread#1" [stack: 0x0000001aab100000,0x0000001aab200000] [id=36668]
  0x000001377e8dc210 GCTaskThread "GC Thread#2" [stack: 0x0000001aab200000,0x0000001aab300000] [id=8488]
  0x000001377e8dc4c0 GCTaskThread "GC Thread#3" [stack: 0x0000001aab300000,0x0000001aab400000] [id=42280]
  0x000001377e8dc770 GCTaskThread "GC Thread#4" [stack: 0x0000001aab400000,0x0000001aab500000] [id=29380]
  0x000001377e8dca20 GCTaskThread "GC Thread#5" [stack: 0x0000001aab500000,0x0000001aab600000] [id=44280]
  0x000001377e7bc2e0 GCTaskThread "GC Thread#6" [stack: 0x0000001aab600000,0x0000001aab700000] [id=21084]
  0x000001377e788190 GCTaskThread "GC Thread#7" [stack: 0x0000001aab700000,0x0000001aab800000] [id=24600]
  0x000001376a099340 ConcurrentGCThread "G1 Main Marker" [stack: 0x0000001aaa000000,0x0000001aaa100000] [id=38888]
  0x000001376a099d50 ConcurrentGCThread "G1 Conc#0" [stack: 0x0000001aaa100000,0x0000001aaa200000] [id=44084]
  0x000001376a0eec20 ConcurrentGCThread "G1 Refine#0" [stack: 0x0000001aaa200000,0x0000001aaa300000] [id=40432]
  0x000001377da65500 ConcurrentGCThread "G1 Service" [stack: 0x0000001aaa300000,0x0000001aaa400000] [id=35700]

Threads with active compile tasks:

VM state: at safepoint (normal execution)

VM Mutex/Monitor currently owned by a thread:  ([mutex/lock_event])
[0x000001376a018e30] Threads_lock - owner thread: 0x000001377dba8b10
[0x000001376a018140] Heap_lock - owner thread: 0x000001376a01c650

Heap address: 0x0000000704400000, size: 4028 MB, Compressed Oops mode: Zero based, Oop shift amount: 3

CDS archive(s) mapped at: [0x0000000800000000-0x0000000800bc0000-0x0000000800bc0000), size 12320768, SharedBaseAddress: 0x0000000800000000, ArchiveRelocationMode: 0.
Compressed class space mapped at: 0x0000000800c00000-0x0000000840c00000, reserved size: 1073741824
Narrow klass base: 0x0000000800000000, Narrow klass shift: 0, Narrow klass range: 0x100000000

GC Precious Log:
 CPUs: 8 total, 8 available
 Memory: 16106M
 Large Page Support: Disabled
 NUMA Support: Disabled
 Compressed Oops: Enabled (Zero based)
 Heap Region Size: 2M
 Heap Min Capacity: 8M
 Heap Initial Capacity: 252M
 Heap Max Capacity: 4028M
 Pre-touch: Disabled
 Parallel Workers: 8
 Concurrent Workers: 2
 Concurrent Refinement Workers: 8
 Periodic GC: Disabled

Heap:
 garbage-first heap   total 409600K, used 217088K [0x0000000704400000, 0x0000000800000000)
  region size 2048K, 3 young (6144K), 3 survivors (6144K)
 Metaspace       used 265K, committed 448K, reserved 1056768K
  class space    used 12K, committed 128K, reserved 1048576K

Heap Regions: E=young(eden), S=young(survivor), O=old, HS=humongous(starts), HC=humongous(continues), CS=collection set, F=free, OA=open archive, CA=closed archive, TAMS=top-at-mark-start (previous, next)
|   0|0x0000000704400000, 0x0000000704600000, 0x0000000704600000|100%| O|  |TAMS 0x0000000704400000, 0x0000000704400000| Untracked 
|   1|0x0000000704600000, 0x0000000704800000, 0x0000000704800000|100%| O|  |TAMS 0x0000000704600000, 0x0000000704600000| Untracked 
|   2|0x0000000704800000, 0x0000000704a00000, 0x0000000704a00000|100%| O|  |TAMS 0x0000000704800000, 0x0000000704800000| Untracked 
|   3|0x0000000704a00000, 0x0000000704c00000, 0x0000000704c00000|100%| O|  |TAMS 0x0000000704a00000, 0x0000000704a00000| Untracked 
|   4|0x0000000704c00000, 0x0000000704e00000, 0x0000000704e00000|100%| O|  |TAMS 0x0000000704c00000, 0x0000000704c00000| Untracked 
|   5|0x0000000704e00000, 0x0000000705000000, 0x0000000705000000|100%| O|  |TAMS 0x0000000704e00000, 0x0000000704e00000| Untracked 
|   6|0x0000000705000000, 0x0000000705200000, 0x0000000705200000|100%| O|  |TAMS 0x0000000705000000, 0x0000000705000000| Untracked 
|   7|0x0000000705200000, 0x0000000705400000, 0x0000000705400000|100%| O|  |TAMS 0x0000000705200000, 0x0000000705200000| Untracked 
|   8|0x0000000705400000, 0x0000000705600000, 0x0000000705600000|100%| O|  |TAMS 0x0000000705400000, 0x0000000705400000| Untracked 
|   9|0x0000000705600000, 0x0000000705800000, 0x0000000705800000|100%| O|  |TAMS 0x0000000705600000, 0x0000000705600000| Untracked 
|  10|0x0000000705800000, 0x0000000705a00000, 0x0000000705a00000|100%| O|  |TAMS 0x0000000705800000, 0x0000000705800000| Untracked 
|  11|0x0000000705a00000, 0x0000000705c00000, 0x0000000705c00000|100%| O|  |TAMS 0x0000000705a00000, 0x0000000705a00000| Untracked 
|  12|0x0000000705c00000, 0x0000000705e00000, 0x0000000705e00000|100%| O|  |TAMS 0x0000000705c00000, 0x0000000705c00000| Untracked 
|  13|0x0000000705e00000, 0x0000000706000000, 0x0000000706000000|100%| O|  |TAMS 0x0000000705e00000, 0x0000000705e00000| Untracked 
|  14|0x0000000706000000, 0x0000000706200000, 0x0000000706200000|100%| O|  |TAMS 0x0000000706000000, 0x0000000706000000| Untracked 
|  15|0x0000000706200000, 0x0000000706400000, 0x0000000706400000|100%| O|  |TAMS 0x0000000706200000, 0x0000000706200000| Untracked 
|  16|0x0000000706400000, 0x0000000706600000, 0x0000000706600000|100%| O|  |TAMS 0x0000000706400000, 0x0000000706400000| Untracked 
|  17|0x0000000706600000, 0x0000000706800000, 0x0000000706800000|100%| O|  |TAMS 0x0000000706600000, 0x0000000706600000| Untracked 
|  18|0x0000000706800000, 0x0000000706a00000, 0x0000000706a00000|100%| O|  |TAMS 0x0000000706800000, 0x0000000706800000| Untracked 
|  19|0x0000000706a00000, 0x0000000706c00000, 0x0000000706c00000|100%| O|  |TAMS 0x0000000706a00000, 0x0000000706a00000| Untracked 
|  20|0x0000000706c00000, 0x0000000706e00000, 0x0000000706e00000|100%| O|  |TAMS 0x0000000706c00000, 0x0000000706c00000| Untracked 
|  21|0x0000000706e00000, 0x0000000707000000, 0x0000000707000000|100%| O|  |TAMS 0x0000000706e00000, 0x0000000706e00000| Untracked 
|  22|0x0000000707000000, 0x0000000707200000, 0x0000000707200000|100%| O|  |TAMS 0x0000000707000000, 0x0000000707000000| Untracked 
|  23|0x0000000707200000, 0x0000000707400000, 0x0000000707400000|100%| O|  |TAMS 0x0000000707200000, 0x0000000707200000| Untracked 
|  24|0x0000000707400000, 0x0000000707600000, 0x0000000707600000|100%| O|  |TAMS 0x0000000707400000, 0x0000000707400000| Untracked 
|  25|0x0000000707600000, 0x0000000707800000, 0x0000000707800000|100%| O|  |TAMS 0x0000000707600000, 0x0000000707600000| Untracked 
|  26|0x0000000707800000, 0x0000000707a00000, 0x0000000707a00000|100%| O|  |TAMS 0x0000000707800000, 0x0000000707800000| Untracked 
|  27|0x0000000707a00000, 0x0000000707c00000, 0x0000000707c00000|100%| O|  |TAMS 0x0000000707a00000, 0x0000000707a00000| Untracked 
|  28|0x0000000707c00000, 0x0000000707e00000, 0x0000000707e00000|100%| O|  |TAMS 0x0000000707c00000, 0x0000000707c00000| Untracked 
|  29|0x0000000707e00000, 0x0000000708000000, 0x0000000708000000|100%| O|  |TAMS 0x0000000707e00000, 0x0000000707e00000| Untracked 
|  30|0x0000000708000000, 0x0000000708200000, 0x0000000708200000|100%| O|  |TAMS 0x0000000708000000, 0x0000000708000000| Untracked 
|  31|0x0000000708200000, 0x0000000708400000, 0x0000000708400000|100%| O|  |TAMS 0x0000000708200000, 0x0000000708200000| Untracked 
|  32|0x0000000708400000, 0x0000000708600000, 0x0000000708600000|100%| O|  |TAMS 0x0000000708400000, 0x0000000708400000| Untracked 
|  33|0x0000000708600000, 0x0000000708800000, 0x0000000708800000|100%| O|  |TAMS 0x0000000708600000, 0x0000000708600000| Untracked 
|  34|0x0000000708800000, 0x0000000708a00000, 0x0000000708a00000|100%| O|  |TAMS 0x0000000708800000, 0x0000000708800000| Untracked 
|  35|0x0000000708a00000, 0x0000000708c00000, 0x0000000708c00000|100%| O|  |TAMS 0x0000000708a00000, 0x0000000708a00000| Untracked 
|  36|0x0000000708c00000, 0x0000000708e00000, 0x0000000708e00000|100%| O|  |TAMS 0x0000000708c00000, 0x0000000708c00000| Untracked 
|  37|0x0000000708e00000, 0x0000000709000000, 0x0000000709000000|100%| O|  |TAMS 0x0000000708e00000, 0x0000000708e00000| Untracked 
|  38|0x0000000709000000, 0x0000000709200000, 0x0000000709200000|100%| O|  |TAMS 0x0000000709000000, 0x0000000709000000| Untracked 
|  39|0x0000000709200000, 0x0000000709400000, 0x0000000709400000|100%| O|  |TAMS 0x0000000709200000, 0x0000000709200000| Untracked 
|  40|0x0000000709400000, 0x0000000709600000, 0x0000000709600000|100%| O|  |TAMS 0x0000000709400000, 0x0000000709400000| Untracked 
|  41|0x0000000709600000, 0x0000000709800000, 0x0000000709800000|100%| O|  |TAMS 0x0000000709600000, 0x0000000709600000| Untracked 
|  42|0x0000000709800000, 0x0000000709a00000, 0x0000000709a00000|100%| O|  |TAMS 0x0000000709800000, 0x0000000709800000| Untracked 
|  43|0x0000000709a00000, 0x0000000709c00000, 0x0000000709c00000|100%| O|  |TAMS 0x0000000709a00000, 0x0000000709a00000| Untracked 
|  44|0x0000000709c00000, 0x0000000709e00000, 0x0000000709e00000|100%| O|  |TAMS 0x0000000709c00000, 0x0000000709c00000| Untracked 
|  45|0x0000000709e00000, 0x000000070a000000, 0x000000070a000000|100%| O|  |TAMS 0x0000000709e00000, 0x0000000709e00000| Untracked 
|  46|0x000000070a000000, 0x000000070a200000, 0x000000070a200000|100%| O|  |TAMS 0x000000070a000000, 0x000000070a000000| Untracked 
|  47|0x000000070a200000, 0x000000070a400000, 0x000000070a400000|100%| O|  |TAMS 0x000000070a200000, 0x000000070a200000| Untracked 
|  48|0x000000070a400000, 0x000000070a600000, 0x000000070a600000|100%| O|  |TAMS 0x000000070a400000, 0x000000070a400000| Untracked 
|  49|0x000000070a600000, 0x000000070a800000, 0x000000070a800000|100%| O|  |TAMS 0x000000070a600000, 0x000000070a600000| Untracked 
|  50|0x000000070a800000, 0x000000070aa00000, 0x000000070aa00000|100%| O|  |TAMS 0x000000070a800000, 0x000000070a800000| Untracked 
|  51|0x000000070aa00000, 0x000000070ac00000, 0x000000070ac00000|100%| O|  |TAMS 0x000000070aa00000, 0x000000070aa00000| Untracked 
|  52|0x000000070ac00000, 0x000000070ae00000, 0x000000070ae00000|100%| O|  |TAMS 0x000000070ac00000, 0x000000070ac00000| Untracked 
|  53|0x000000070ae00000, 0x000000070b000000, 0x000000070b000000|100%| O|  |TAMS 0x000000070ae00000, 0x000000070ae00000| Untracked 
|  54|0x000000070b000000, 0x000000070b200000, 0x000000070b200000|100%| O|  |TAMS 0x000000070b000000, 0x000000070b000000| Untracked 
|  55|0x000000070b200000, 0x000000070b400000, 0x000000070b400000|100%| O|  |TAMS 0x000000070b200000, 0x000000070b200000| Untracked 
|  56|0x000000070b400000, 0x000000070b600000, 0x000000070b600000|100%| O|  |TAMS 0x000000070b400000, 0x000000070b400000| Untracked 
|  57|0x000000070b600000, 0x000000070b800000, 0x000000070b800000|100%| O|  |TAMS 0x000000070b600000, 0x000000070b600000| Untracked 
|  58|0x000000070b800000, 0x000000070ba00000, 0x000000070ba00000|100%| O|  |TAMS 0x000000070b800000, 0x000000070b800000| Untracked 
|  59|0x000000070ba00000, 0x000000070bc00000, 0x000000070bc00000|100%| O|  |TAMS 0x000000070ba00000, 0x000000070ba00000| Untracked 
|  60|0x000000070bc00000, 0x000000070be00000, 0x000000070be00000|100%| O|  |TAMS 0x000000070bc00000, 0x000000070bc00000| Untracked 
|  61|0x000000070be00000, 0x000000070c000000, 0x000000070c000000|100%| O|  |TAMS 0x000000070be00000, 0x000000070be00000| Untracked 
|  62|0x000000070c000000, 0x000000070c200000, 0x000000070c200000|100%| O|  |TAMS 0x000000070c000000, 0x000000070c000000| Untracked 
|  63|0x000000070c200000, 0x000000070c400000, 0x000000070c400000|100%| O|  |TAMS 0x000000070c200000, 0x000000070c200000| Untracked 
|  64|0x000000070c400000, 0x000000070c600000, 0x000000070c600000|100%| O|  |TAMS 0x000000070c400000, 0x000000070c400000| Untracked 
|  65|0x000000070c600000, 0x000000070c800000, 0x000000070c800000|100%| O|  |TAMS 0x000000070c600000, 0x000000070c600000| Untracked 
|  66|0x000000070c800000, 0x000000070ca00000, 0x000000070ca00000|100%| O|  |TAMS 0x000000070c800000, 0x000000070c800000| Untracked 
|  67|0x000000070ca00000, 0x000000070cc00000, 0x000000070cc00000|100%| O|  |TAMS 0x000000070ca00000, 0x000000070ca00000| Untracked 
|  68|0x000000070cc00000, 0x000000070ce00000, 0x000000070ce00000|100%| O|  |TAMS 0x000000070cc00000, 0x000000070cc00000| Untracked 
|  69|0x000000070ce00000, 0x000000070d000000, 0x000000070d000000|100%| O|  |TAMS 0x000000070ce00000, 0x000000070ce00000| Untracked 
|  70|0x000000070d000000, 0x000000070d200000, 0x000000070d200000|100%| O|  |TAMS 0x000000070d000000, 0x000000070d000000| Untracked 
|  71|0x000000070d200000, 0x000000070d400000, 0x000000070d400000|100%| O|  |TAMS 0x000000070d200000, 0x000000070d200000| Untracked 
|  72|0x000000070d400000, 0x000000070d600000, 0x000000070d600000|100%| O|  |TAMS 0x000000070d400000, 0x000000070d400000| Untracked 
|  73|0x000000070d600000, 0x000000070d800000, 0x000000070d800000|100%| O|  |TAMS 0x000000070d600000, 0x000000070d600000| Untracked 
|  74|0x000000070d800000, 0x000000070da00000, 0x000000070da00000|100%| O|  |TAMS 0x000000070d800000, 0x000000070d800000| Untracked 
|  75|0x000000070da00000, 0x000000070dc00000, 0x000000070dc00000|100%| O|  |TAMS 0x000000070da00000, 0x000000070da00000| Untracked 
|  76|0x000000070dc00000, 0x000000070de00000, 0x000000070de00000|100%| O|  |TAMS 0x000000070dc00000, 0x000000070dc00000| Untracked 
|  77|0x000000070de00000, 0x000000070e000000, 0x000000070e000000|100%| O|  |TAMS 0x000000070de00000, 0x000000070de00000| Untracked 
|  78|0x000000070e000000, 0x000000070e200000, 0x000000070e200000|100%| O|  |TAMS 0x000000070e000000, 0x000000070e000000| Untracked 
|  79|0x000000070e200000, 0x000000070e400000, 0x000000070e400000|100%| O|  |TAMS 0x000000070e200000, 0x000000070e200000| Untracked 
|  80|0x000000070e400000, 0x000000070e600000, 0x000000070e600000|100%| O|  |TAMS 0x000000070e400000, 0x000000070e400000| Untracked 
|  81|0x000000070e600000, 0x000000070e800000, 0x000000070e800000|100%| O|  |TAMS 0x000000070e600000, 0x000000070e600000| Untracked 
|  82|0x000000070e800000, 0x000000070ea00000, 0x000000070ea00000|100%| O|  |TAMS 0x000000070e800000, 0x000000070e800000| Untracked 
|  83|0x000000070ea00000, 0x000000070ec00000, 0x000000070ec00000|100%| O|  |TAMS 0x000000070ea00000, 0x000000070ea00000| Untracked 
|  84|0x000000070ec00000, 0x000000070ee00000, 0x000000070ee00000|100%| O|  |TAMS 0x000000070ec00000, 0x000000070ec00000| Untracked 
|  85|0x000000070ee00000, 0x000000070f000000, 0x000000070f000000|100%| O|  |TAMS 0x000000070ee00000, 0x000000070ee00000| Untracked 
|  86|0x000000070f000000, 0x000000070f200000, 0x000000070f200000|100%| O|  |TAMS 0x000000070f000000, 0x000000070f000000| Untracked 
|  87|0x000000070f200000, 0x000000070f400000, 0x000000070f400000|100%| O|  |TAMS 0x000000070f200000, 0x000000070f200000| Untracked 
|  88|0x000000070f400000, 0x000000070f600000, 0x000000070f600000|100%| O|  |TAMS 0x000000070f400000, 0x000000070f400000| Untracked 
|  89|0x000000070f600000, 0x000000070f800000, 0x000000070f800000|100%| O|  |TAMS 0x000000070f600000, 0x000000070f600000| Untracked 
|  90|0x000000070f800000, 0x000000070fa00000, 0x000000070fa00000|100%| O|  |TAMS 0x000000070f800000, 0x000000070f800000| Untracked 
|  91|0x000000070fa00000, 0x000000070fc00000, 0x000000070fc00000|100%| O|  |TAMS 0x000000070fa00000, 0x000000070fa00000| Untracked 
|  92|0x000000070fc00000, 0x000000070fe00000, 0x000000070fe00000|100%| O|  |TAMS 0x000000070fc00000, 0x000000070fc00000| Untracked 
|  93|0x000000070fe00000, 0x0000000710000000, 0x0000000710000000|100%| O|  |TAMS 0x000000070fe00000, 0x000000070fe00000| Untracked 
|  94|0x0000000710000000, 0x0000000710200000, 0x0000000710200000|100%| O|  |TAMS 0x0000000710000000, 0x0000000710000000| Untracked 
|  95|0x0000000710200000, 0x0000000710400000, 0x0000000710400000|100%| O|  |TAMS 0x0000000710200000, 0x0000000710200000| Untracked 
|  96|0x0000000710400000, 0x0000000710600000, 0x0000000710600000|100%| O|  |TAMS 0x0000000710400000, 0x0000000710400000| Untracked 
|  97|0x0000000710600000, 0x0000000710800000, 0x0000000710800000|100%| O|  |TAMS 0x0000000710600000, 0x0000000710600000| Untracked 
|  98|0x0000000710800000, 0x0000000710a00000, 0x0000000710a00000|100%| O|  |TAMS 0x0000000710800000, 0x0000000710800000| Untracked 
|  99|0x0000000710a00000, 0x0000000710c00000, 0x0000000710c00000|100%| O|  |TAMS 0x0000000710a00000, 0x0000000710a00000| Untracked 
| 100|0x0000000710c00000, 0x0000000710e00000, 0x0000000710e00000|100%| O|  |TAMS 0x0000000710c00000, 0x0000000710c00000| Untracked 
| 101|0x0000000710e00000, 0x0000000711000000, 0x0000000711000000|100%| O|  |TAMS 0x0000000710e00000, 0x0000000710e00000| Untracked 
| 102|0x0000000711000000, 0x0000000711200000, 0x0000000711200000|100%| O|  |TAMS 0x0000000711000000, 0x0000000711000000| Untracked 
| 103|0x0000000711200000, 0x0000000711200000, 0x0000000711400000|  0%| F|  |TAMS 0x0000000711200000, 0x0000000711200000| Untracked 
| 104|0x0000000711400000, 0x0000000711400000, 0x0000000711600000|  0%| F|  |TAMS 0x0000000711400000, 0x0000000711400000| Untracked 
| 105|0x0000000711600000, 0x0000000711600000, 0x0000000711800000|  0%| F|  |TAMS 0x0000000711600000, 0x0000000711600000| Untracked 
| 106|0x0000000711800000, 0x0000000711800000, 0x0000000711a00000|  0%| F|  |TAMS 0x0000000711800000, 0x0000000711800000| Untracked 
| 107|0x0000000711a00000, 0x0000000711a00000, 0x0000000711c00000|  0%| F|  |TAMS 0x0000000711a00000, 0x0000000711a00000| Untracked 
| 108|0x0000000711c00000, 0x0000000711c00000, 0x0000000711e00000|  0%| F|  |TAMS 0x0000000711c00000, 0x0000000711c00000| Untracked 
| 109|0x0000000711e00000, 0x0000000711e00000, 0x0000000712000000|  0%| F|  |TAMS 0x0000000711e00000, 0x0000000711e00000| Untracked 
| 110|0x0000000712000000, 0x0000000712000000, 0x0000000712200000|  0%| F|  |TAMS 0x0000000712000000, 0x0000000712000000| Untracked 
| 111|0x0000000712200000, 0x0000000712200000, 0x0000000712400000|  0%| F|  |TAMS 0x0000000712200000, 0x0000000712200000| Untracked 
| 112|0x0000000712400000, 0x0000000712400000, 0x0000000712600000|  0%| F|  |TAMS 0x0000000712400000, 0x0000000712400000| Untracked 
| 113|0x0000000712600000, 0x0000000712600000, 0x0000000712800000|  0%| F|  |TAMS 0x0000000712600000, 0x0000000712600000| Untracked 
| 114|0x0000000712800000, 0x0000000712800000, 0x0000000712a00000|  0%| F|  |TAMS 0x0000000712800000, 0x0000000712800000| Untracked 
| 115|0x0000000712a00000, 0x0000000712a00000, 0x0000000712c00000|  0%| F|  |TAMS 0x0000000712a00000, 0x0000000712a00000| Untracked 
| 116|0x0000000712c00000, 0x0000000712c00000, 0x0000000712e00000|  0%| F|  |TAMS 0x0000000712c00000, 0x0000000712c00000| Untracked 
| 117|0x0000000712e00000, 0x0000000712e00000, 0x0000000713000000|  0%| F|  |TAMS 0x0000000712e00000, 0x0000000712e00000| Untracked 
| 118|0x0000000713000000, 0x0000000713000000, 0x0000000713200000|  0%| F|  |TAMS 0x0000000713000000, 0x0000000713000000| Untracked 
| 119|0x0000000713200000, 0x0000000713200000, 0x0000000713400000|  0%| F|  |TAMS 0x0000000713200000, 0x0000000713200000| Untracked 
| 120|0x0000000713400000, 0x0000000713400000, 0x0000000713600000|  0%| F|  |TAMS 0x0000000713400000, 0x0000000713400000| Untracked 
| 121|0x0000000713600000, 0x0000000713600000, 0x0000000713800000|  0%| F|  |TAMS 0x0000000713600000, 0x0000000713600000| Untracked 
| 122|0x0000000713800000, 0x0000000713800000, 0x0000000713a00000|  0%| F|  |TAMS 0x0000000713800000, 0x0000000713800000| Untracked 
| 123|0x0000000713a00000, 0x0000000713a00000, 0x0000000713c00000|  0%| F|  |TAMS 0x0000000713a00000, 0x0000000713a00000| Untracked 
| 124|0x0000000713c00000, 0x0000000713c00000, 0x0000000713e00000|  0%| F|  |TAMS 0x0000000713c00000, 0x0000000713c00000| Untracked 
| 125|0x0000000713e00000, 0x0000000713e00000, 0x0000000714000000|  0%| F|  |TAMS 0x0000000713e00000, 0x0000000713e00000| Untracked 
| 126|0x0000000714000000, 0x0000000714000000, 0x0000000714200000|  0%| F|  |TAMS 0x0000000714000000, 0x0000000714000000| Untracked 
| 127|0x0000000714200000, 0x0000000714200000, 0x0000000714400000|  0%| F|  |TAMS 0x0000000714200000, 0x0000000714200000| Untracked 
| 128|0x0000000714400000, 0x0000000714400000, 0x0000000714600000|  0%| F|  |TAMS 0x0000000714400000, 0x0000000714400000| Untracked 
| 129|0x0000000714600000, 0x0000000714600000, 0x0000000714800000|  0%| F|  |TAMS 0x0000000714600000, 0x0000000714600000| Untracked 
| 130|0x0000000714800000, 0x0000000714800000, 0x0000000714a00000|  0%| F|  |TAMS 0x0000000714800000, 0x0000000714800000| Untracked 
| 131|0x0000000714a00000, 0x0000000714a00000, 0x0000000714c00000|  0%| F|  |TAMS 0x0000000714a00000, 0x0000000714a00000| Untracked 
| 132|0x0000000714c00000, 0x0000000714c00000, 0x0000000714e00000|  0%| F|  |TAMS 0x0000000714c00000, 0x0000000714c00000| Untracked 
| 133|0x0000000714e00000, 0x0000000714e00000, 0x0000000715000000|  0%| F|  |TAMS 0x0000000714e00000, 0x0000000714e00000| Untracked 
| 134|0x0000000715000000, 0x0000000715000000, 0x0000000715200000|  0%| F|  |TAMS 0x0000000715000000, 0x0000000715000000| Untracked 
| 135|0x0000000715200000, 0x0000000715200000, 0x0000000715400000|  0%| F|  |TAMS 0x0000000715200000, 0x0000000715200000| Untracked 
| 136|0x0000000715400000, 0x0000000715400000, 0x0000000715600000|  0%| F|  |TAMS 0x0000000715400000, 0x0000000715400000| Untracked 
| 137|0x0000000715600000, 0x0000000715600000, 0x0000000715800000|  0%| F|  |TAMS 0x0000000715600000, 0x0000000715600000| Untracked 
| 138|0x0000000715800000, 0x0000000715800000, 0x0000000715a00000|  0%| F|  |TAMS 0x0000000715800000, 0x0000000715800000| Untracked 
| 139|0x0000000715a00000, 0x0000000715a00000, 0x0000000715c00000|  0%| F|  |TAMS 0x0000000715a00000, 0x0000000715a00000| Untracked 
| 140|0x0000000715c00000, 0x0000000715c00000, 0x0000000715e00000|  0%| F|  |TAMS 0x0000000715c00000, 0x0000000715c00000| Untracked 
| 141|0x0000000715e00000, 0x0000000715e00000, 0x0000000716000000|  0%| F|  |TAMS 0x0000000715e00000, 0x0000000715e00000| Untracked 
| 142|0x0000000716000000, 0x0000000716000000, 0x0000000716200000|  0%| F|  |TAMS 0x0000000716000000, 0x0000000716000000| Untracked 
| 143|0x0000000716200000, 0x0000000716200000, 0x0000000716400000|  0%| F|  |TAMS 0x0000000716200000, 0x0000000716200000| Untracked 
| 144|0x0000000716400000, 0x0000000716400000, 0x0000000716600000|  0%| F|  |TAMS 0x0000000716400000, 0x0000000716400000| Untracked 
| 145|0x0000000716600000, 0x0000000716600000, 0x0000000716800000|  0%| F|  |TAMS 0x0000000716600000, 0x0000000716600000| Untracked 
| 146|0x0000000716800000, 0x0000000716800000, 0x0000000716a00000|  0%| F|  |TAMS 0x0000000716800000, 0x0000000716800000| Untracked 
| 147|0x0000000716a00000, 0x0000000716a00000, 0x0000000716c00000|  0%| F|  |TAMS 0x0000000716a00000, 0x0000000716a00000| Untracked 
| 148|0x0000000716c00000, 0x0000000716c00000, 0x0000000716e00000|  0%| F|  |TAMS 0x0000000716c00000, 0x0000000716c00000| Untracked 
| 149|0x0000000716e00000, 0x0000000716e00000, 0x0000000717000000|  0%| F|  |TAMS 0x0000000716e00000, 0x0000000716e00000| Untracked 
| 150|0x0000000717000000, 0x0000000717000000, 0x0000000717200000|  0%| F|  |TAMS 0x0000000717000000, 0x0000000717000000| Untracked 
| 151|0x0000000717200000, 0x0000000717200000, 0x0000000717400000|  0%| F|  |TAMS 0x0000000717200000, 0x0000000717200000| Untracked 
| 152|0x0000000717400000, 0x0000000717400000, 0x0000000717600000|  0%| F|  |TAMS 0x0000000717400000, 0x0000000717400000| Untracked 
| 153|0x0000000717600000, 0x0000000717600000, 0x0000000717800000|  0%| F|  |TAMS 0x0000000717600000, 0x0000000717600000| Untracked 
| 154|0x0000000717800000, 0x0000000717800000, 0x0000000717a00000|  0%| F|  |TAMS 0x0000000717800000, 0x0000000717800000| Untracked 
| 155|0x0000000717a00000, 0x0000000717a00000, 0x0000000717c00000|  0%| F|  |TAMS 0x0000000717a00000, 0x0000000717a00000| Untracked 
| 156|0x0000000717c00000, 0x0000000717c00000, 0x0000000717e00000|  0%| F|  |TAMS 0x0000000717c00000, 0x0000000717c00000| Untracked 
| 157|0x0000000717e00000, 0x0000000717e00000, 0x0000000718000000|  0%| F|  |TAMS 0x0000000717e00000, 0x0000000717e00000| Untracked 
| 158|0x0000000718000000, 0x0000000718000000, 0x0000000718200000|  0%| F|  |TAMS 0x0000000718000000, 0x0000000718000000| Untracked 
| 159|0x0000000718200000, 0x0000000718200000, 0x0000000718400000|  0%| F|  |TAMS 0x0000000718200000, 0x0000000718200000| Untracked 
| 160|0x0000000718400000, 0x0000000718400000, 0x0000000718600000|  0%| F|  |TAMS 0x0000000718400000, 0x0000000718400000| Untracked 
| 161|0x0000000718600000, 0x0000000718600000, 0x0000000718800000|  0%| F|  |TAMS 0x0000000718600000, 0x0000000718600000| Untracked 
| 162|0x0000000718800000, 0x0000000718800000, 0x0000000718a00000|  0%| F|  |TAMS 0x0000000718800000, 0x0000000718800000| Untracked 
| 163|0x0000000718a00000, 0x0000000718a00000, 0x0000000718c00000|  0%| F|  |TAMS 0x0000000718a00000, 0x0000000718a00000| Untracked 
| 164|0x0000000718c00000, 0x0000000718c00000, 0x0000000718e00000|  0%| F|  |TAMS 0x0000000718c00000, 0x0000000718c00000| Untracked 
| 165|0x0000000718e00000, 0x0000000718e00000, 0x0000000719000000|  0%| F|  |TAMS 0x0000000718e00000, 0x0000000718e00000| Untracked 
| 166|0x0000000719000000, 0x0000000719000000, 0x0000000719200000|  0%| F|  |TAMS 0x0000000719000000, 0x0000000719000000| Untracked 
| 167|0x0000000719200000, 0x0000000719200000, 0x0000000719400000|  0%| F|  |TAMS 0x0000000719200000, 0x0000000719200000| Untracked 
| 168|0x0000000719400000, 0x0000000719400000, 0x0000000719600000|  0%| F|  |TAMS 0x0000000719400000, 0x0000000719400000| Untracked 
| 169|0x0000000719600000, 0x0000000719600000, 0x0000000719800000|  0%| F|  |TAMS 0x0000000719600000, 0x0000000719600000| Untracked 
| 170|0x0000000719800000, 0x0000000719800000, 0x0000000719a00000|  0%| F|  |TAMS 0x0000000719800000, 0x0000000719800000| Untracked 
| 171|0x0000000719a00000, 0x0000000719a00000, 0x0000000719c00000|  0%| F|  |TAMS 0x0000000719a00000, 0x0000000719a00000| Untracked 
| 172|0x0000000719c00000, 0x0000000719c00000, 0x0000000719e00000|  0%| F|  |TAMS 0x0000000719c00000, 0x0000000719c00000| Untracked 
| 173|0x0000000719e00000, 0x0000000719e00000, 0x000000071a000000|  0%| F|  |TAMS 0x0000000719e00000, 0x0000000719e00000| Untracked 
| 174|0x000000071a000000, 0x000000071a000000, 0x000000071a200000|  0%| F|  |TAMS 0x000000071a000000, 0x000000071a000000| Untracked 
| 175|0x000000071a200000, 0x000000071a200000, 0x000000071a400000|  0%| F|  |TAMS 0x000000071a200000, 0x000000071a200000| Untracked 
| 176|0x000000071a400000, 0x000000071a400000, 0x000000071a600000|  0%| F|  |TAMS 0x000000071a400000, 0x000000071a400000| Untracked 
| 177|0x000000071a600000, 0x000000071a600000, 0x000000071a800000|  0%| F|  |TAMS 0x000000071a600000, 0x000000071a600000| Untracked 
| 178|0x000000071a800000, 0x000000071a800000, 0x000000071aa00000|  0%| F|  |TAMS 0x000000071a800000, 0x000000071a800000| Untracked 
| 179|0x000000071aa00000, 0x000000071ac00000, 0x000000071ac00000|100%| S|CS|TAMS 0x000000071aa00000, 0x000000071aa00000| Complete 
| 180|0x000000071ac00000, 0x000000071ae00000, 0x000000071ae00000|100%| S|CS|TAMS 0x000000071ac00000, 0x000000071ac00000| Complete 
| 181|0x000000071ae00000, 0x000000071b000000, 0x000000071b000000|100%| S|CS|TAMS 0x000000071ae00000, 0x000000071ae00000| Complete 
| 182|0x000000071b000000, 0x000000071b000000, 0x000000071b200000|  0%| F|  |TAMS 0x000000071b000000, 0x000000071b000000| Untracked 
| 183|0x000000071b200000, 0x000000071b200000, 0x000000071b400000|  0%| F|  |TAMS 0x000000071b200000, 0x000000071b200000| Untracked 
| 184|0x000000071b400000, 0x000000071b400000, 0x000000071b600000|  0%| F|  |TAMS 0x000000071b400000, 0x000000071b400000| Untracked 
| 185|0x000000071b600000, 0x000000071b600000, 0x000000071b800000|  0%| F|  |TAMS 0x000000071b600000, 0x000000071b600000| Untracked 
| 186|0x000000071b800000, 0x000000071b800000, 0x000000071ba00000|  0%| F|  |TAMS 0x000000071b800000, 0x000000071b800000| Untracked 
| 187|0x000000071ba00000, 0x000000071ba00000, 0x000000071bc00000|  0%| F|  |TAMS 0x000000071ba00000, 0x000000071ba00000| Untracked 
| 188|0x000000071bc00000, 0x000000071bc00000, 0x000000071be00000|  0%| F|  |TAMS 0x000000071bc00000, 0x000000071bc00000| Untracked 
| 189|0x000000071be00000, 0x000000071be00000, 0x000000071c000000|  0%| F|  |TAMS 0x000000071be00000, 0x000000071be00000| Untracked 
| 190|0x000000071c000000, 0x000000071c000000, 0x000000071c200000|  0%| F|  |TAMS 0x000000071c000000, 0x000000071c000000| Untracked 
| 191|0x000000071c200000, 0x000000071c200000, 0x000000071c400000|  0%| F|  |TAMS 0x000000071c200000, 0x000000071c200000| Untracked 
| 192|0x000000071c400000, 0x000000071c400000, 0x000000071c600000|  0%| F|  |TAMS 0x000000071c400000, 0x000000071c400000| Untracked 
| 193|0x000000071c600000, 0x000000071c600000, 0x000000071c800000|  0%| F|  |TAMS 0x000000071c600000, 0x000000071c600000| Untracked 
| 194|0x000000071c800000, 0x000000071c800000, 0x000000071ca00000|  0%| F|  |TAMS 0x000000071c800000, 0x000000071c800000| Untracked 
| 195|0x000000071ca00000, 0x000000071ca00000, 0x000000071cc00000|  0%| F|  |TAMS 0x000000071ca00000, 0x000000071ca00000| Untracked 
| 196|0x000000071cc00000, 0x000000071cc00000, 0x000000071ce00000|  0%| F|  |TAMS 0x000000071cc00000, 0x000000071cc00000| Untracked 
| 197|0x000000071ce00000, 0x000000071ce00000, 0x000000071d000000|  0%| F|  |TAMS 0x000000071ce00000, 0x000000071ce00000| Untracked 
| 198|0x000000071d000000, 0x000000071d000000, 0x000000071d200000|  0%| F|  |TAMS 0x000000071d000000, 0x000000071d000000| Untracked 
| 199|0x000000071d200000, 0x000000071d200000, 0x000000071d400000|  0%| F|  |TAMS 0x000000071d200000, 0x000000071d200000| Untracked 

Card table byte_map: [0x00000137723a0000,0x0000013772b80000] _byte_map_base: 0x000001376eb7e000

Marking Bits (Prev, Next): (CMBitMap*) 0x000001376a088e50, (CMBitMap*) 0x000001376a088e90
 Prev Bits: [0x0000013773360000, 0x0000013777250000)
 Next Bits: [0x0000013777250000, 0x000001377b140000)

Polling page: 0x0000013767e20000

Metaspace:

Usage:
  Non-class:    252.78 KB used.
      Class:     12.62 KB used.
       Both:    265.40 KB used.

Virtual space:
  Non-class space:        8.00 MB reserved,     320.00 KB (  4%) committed,  1 nodes.
      Class space:        1.00 GB reserved,     128.00 KB ( <1%) committed,  1 nodes.
             Both:        1.01 GB reserved,     448.00 KB ( <1%) committed. 

Chunk freelists:
   Non-Class:  3.98 MB
       Class:  3.74 MB
        Both:  7.72 MB

MaxMetaspaceSize: unlimited
CompressedClassSpaceSize: 1.00 GB
Initial GC threshold: 21.00 MB
Current GC threshold: 21.00 MB
CDS: on
MetaspaceReclaimPolicy: balanced
 - commit_granule_bytes: 65536.
 - commit_granule_words: 8192.
 - virtual_space_node_default_size: 1048576.
 - enlarge_chunks_in_place: 1.
 - new_chunks_are_fully_committed: 0.
 - uncommit_free_chunks: 1.
 - use_allocation_guard: 0.
 - handle_deallocations: 1.


Internal statistics:

num_allocs_failed_limit: 0.
num_arena_births: 4.
num_arena_deaths: 0.
num_vsnodes_births: 2.
num_vsnodes_deaths: 0.
num_space_committed: 7.
num_space_uncommitted: 0.
num_chunks_returned_to_freelist: 0.
num_chunks_taken_from_freelist: 9.
num_chunk_merges: 0.
num_chunk_splits: 4.
num_chunks_enlarged: 2.
num_purges: 0.
num_inconsistent_stats: 0.

CodeHeap 'non-profiled nmethods': size=120000Kb used=110Kb max_used=110Kb free=119889Kb
 bounds [0x0000013707ad0000, 0x0000013707d40000, 0x000001370f000000]
CodeHeap 'profiled nmethods': size=120000Kb used=287Kb max_used=287Kb free=119713Kb
 bounds [0x00000137005a0000, 0x0000013700810000, 0x0000013707ad0000]
CodeHeap 'non-nmethods': size=5760Kb used=1041Kb max_used=1063Kb free=4718Kb
 bounds [0x0000013700000000, 0x0000013700270000, 0x00000137005a0000]
 total_blobs=489 nmethods=193 adapters=209
 compilation: enabled
              stopped_count=0, restarted_count=0
 full_count=0

Compilation events (20 events):
Event: 0.569 Thread 0x000001377dbc4a80 nmethod 182 0x0000013707addc10 code [0x0000013707adddc0, 0x0000013707ade878]
Event: 0.570 Thread 0x000001377dbc4a80  183   !   4       sun.nio.cs.StreamEncoder::write (78 bytes)
Event: 0.586 Thread 0x000001377e679b60 nmethod 178 0x0000013707adf810 code [0x0000013707adf9c0, 0x0000013707ae0818]
Event: 0.586 Thread 0x000001377e679b60  185       4       java.util.Vector::<init> (49 bytes)
Event: 0.592 Thread 0x000001377e679b60 nmethod 185 0x0000013707ae1710 code [0x0000013707ae18a0, 0x0000013707ae1b58]
Event: 0.592 Thread 0x000001377e679b60  187   !   4       java.io.PrintStream::println (44 bytes)
Event: 0.605 Thread 0x000001377dbc4a80 nmethod 183 0x0000013707ae1c10 code [0x0000013707ae1dc0, 0x0000013707ae2918]
Event: 0.605 Thread 0x000001377dbc4a80  188   !   4       java.io.PrintStream::writeln (81 bytes)
Event: 0.630 Thread 0x000001377e679b60 nmethod 187 0x0000013707ae3890 code [0x0000013707ae3aa0, 0x0000013707ae4ec8]
Event: 0.630 Thread 0x000001377e679b60  189       4       ProductionLine::unloadRobot (52 bytes)
Event: 0.642 Thread 0x000001377dbc4a80 nmethod 188 0x0000013707ae5c90 code [0x0000013707ae5ea0, 0x0000013707ae72c8]
Event: 0.666 Thread 0x000001377e679b60 nmethod 189 0x0000013707ae8090 code [0x0000013707ae8280, 0x0000013707ae9278]
Event: 0.668 Thread 0x000001377dbc4a80  191   !   4       Tower::peek (25 bytes)
Event: 0.675 Thread 0x000001377dbc4a80 nmethod 191 0x0000013707ae9b10 code [0x0000013707ae9ca0, 0x0000013707aea1b8]
Event: 1.449 Thread 0x000001377e548490  192 %     3       ProductionLine::process @ 11 (99 bytes)
Event: 1.454 Thread 0x000001377e548490 nmethod 192% 0x00000137005e0190 code [0x00000137005e0620, 0x00000137005e2fd8]
Event: 1.479 Thread 0x000001377e548490  193       3       ProductionLine::process (99 bytes)
Event: 1.484 Thread 0x000001377e548490 nmethod 193 0x00000137005e3f90 code [0x00000137005e4420, 0x00000137005e6d38]
Event: 1.867 Thread 0x000001377dbc4a80  194 %     4       ProductionLine::process @ 11 (99 bytes)
Event: 1.892 Thread 0x000001377dbc4a80 nmethod 194% 0x0000013707aea510 code [0x0000013707aea700, 0x0000013707aeb2d8]

GC Heap History (17 events):
Event: 2.629 GC heap before
{Heap before GC invocations=0 (full 0):
 garbage-first heap   total 258048K, used 22528K [0x0000000704400000, 0x0000000800000000)
  region size 2048K, 11 young (22528K), 0 survivors (0K)
 Metaspace       used 265K, committed 448K, reserved 1056768K
  class space    used 12K, committed 128K, reserved 1048576K
}
Event: 2.739 GC heap after
{Heap after GC invocations=1 (full 0):
 garbage-first heap   total 258048K, used 21077K [0x0000000704400000, 0x0000000800000000)
  region size 2048K, 2 young (4096K), 2 survivors (4096K)
 Metaspace       used 265K, committed 448K, reserved 1056768K
  class space    used 12K, committed 128K, reserved 1048576K
}
Event: 3.618 GC heap before
{Heap before GC invocations=1 (full 0):
 garbage-first heap   total 258048K, used 31317K [0x0000000704400000, 0x0000000800000000)
  region size 2048K, 7 young (14336K), 2 survivors (4096K)
 Metaspace       used 265K, committed 448K, reserved 1056768K
  class space    used 12K, committed 128K, reserved 1048576K
}
Event: 3.661 GC heap after
{Heap after GC invocations=2 (full 0):
 garbage-first heap   total 258048K, used 33331K [0x0000000704400000, 0x0000000800000000)
  region size 2048K, 1 young (2048K), 1 survivors (2048K)
 Metaspace       used 265K, committed 448K, reserved 1056768K
  class space    used 12K, committed 128K, reserved 1048576K
}
Event: 4.779 GC heap before
{Heap before GC invocations=2 (full 0):
 garbage-first heap   total 258048K, used 49715K [0x0000000704400000, 0x0000000800000000)
  region size 2048K, 9 young (18432K), 1 survivors (2048K)
 Metaspace       used 265K, committed 448K, reserved 1056768K
  class space    used 12K, committed 128K, reserved 1048576K
}
Event: 4.879 GC heap after
{Heap after GC invocations=3 (full 0):
 garbage-first heap   total 258048K, used 50940K [0x0000000704400000, 0x0000000800000000)
  region size 2048K, 2 young (4096K), 2 survivors (4096K)
 Metaspace       used 265K, committed 448K, reserved 1056768K
  class space    used 12K, committed 128K, reserved 1048576K
}
Event: 7.472 GC heap before
{Heap before GC invocations=3 (full 0):
 garbage-first heap   total 258048K, used 71420K [0x0000000704400000, 0x0000000800000000)
  region size 2048K, 12 young (24576K), 2 survivors (4096K)
 Metaspace       used 265K, committed 448K, reserved 1056768K
  class space    used 12K, committed 128K, reserved 1048576K
}
Event: 7.607 GC heap after
{Heap after GC invocations=4 (full 0):
 garbage-first heap   total 258048K, used 72618K [0x0000000704400000, 0x0000000800000000)
  region size 2048K, 2 young (4096K), 2 survivors (4096K)
 Metaspace       used 265K, committed 448K, reserved 1056768K
  class space    used 12K, committed 128K, reserved 1048576K
}
Event: 9.718 GC heap before
{Heap before GC invocations=4 (full 0):
 garbage-first heap   total 258048K, used 95146K [0x0000000704400000, 0x0000000800000000)
  region size 2048K, 13 young (26624K), 2 survivors (4096K)
 Metaspace       used 265K, committed 448K, reserved 1056768K
  class space    used 12K, committed 128K, reserved 1048576K
}
Event: 9.820 GC heap after
{Heap after GC invocations=5 (full 0):
 garbage-first heap   total 409600K, used 96256K [0x0000000704400000, 0x0000000800000000)
  region size 2048K, 2 young (4096K), 2 survivors (4096K)
 Metaspace       used 265K, committed 448K, reserved 1056768K
  class space    used 12K, committed 128K, reserved 1048576K
}
Event: 12.659 GC heap before
{Heap before GC invocations=5 (full 0):
 garbage-first heap   total 409600K, used 120832K [0x0000000704400000, 0x0000000800000000)
  region size 2048K, 14 young (28672K), 2 survivors (4096K)
 Metaspace       used 265K, committed 448K, reserved 1056768K
  class space    used 12K, committed 128K, reserved 1048576K
}
Event: 12.815 GC heap after
{Heap after GC invocations=6 (full 0):
 garbage-first heap   total 409600K, used 123419K [0x0000000704400000, 0x0000000800000000)
  region size 2048K, 2 young (4096K), 2 survivors (4096K)
 Metaspace       used 265K, committed 448K, reserved 1056768K
  class space    used 12K, committed 128K, reserved 1048576K
}
Event: 15.567 GC heap before
{Heap before GC invocations=6 (full 0):
 garbage-first heap   total 409600K, used 150043K [0x0000000704400000, 0x0000000800000000)
  region size 2048K, 15 young (30720K), 2 survivors (4096K)
 Metaspace       used 265K, committed 448K, reserved 1056768K
  class space    used 12K, committed 128K, reserved 1048576K
}
Event: 15.719 GC heap after
{Heap after GC invocations=7 (full 0):
 garbage-first heap   total 409600K, used 152147K [0x0000000704400000, 0x0000000800000000)
  region size 2048K, 2 young (4096K), 2 survivors (4096K)
 Metaspace       used 265K, committed 448K, reserved 1056768K
  class space    used 12K, committed 128K, reserved 1048576K
}
Event: 22.937 GC heap before
{Heap before GC invocations=7 (full 0):
 garbage-first heap   total 409600K, used 180819K [0x0000000704400000, 0x0000000800000000)
  region size 2048K, 16 young (32768K), 2 survivors (4096K)
 Metaspace       used 265K, committed 448K, reserved 1056768K
  class space    used 12K, committed 128K, reserved 1048576K
}
Event: 23.067 GC heap after
{Heap after GC invocations=8 (full 0):
 garbage-first heap   total 409600K, used 182919K [0x0000000704400000, 0x0000000800000000)
  region size 2048K, 2 young (4096K), 2 survivors (4096K)
 Metaspace       used 265K, committed 448K, reserved 1056768K
  class space    used 12K, committed 128K, reserved 1048576K
}
Event: 28.087 GC heap before
{Heap before GC invocations=8 (full 0):
 garbage-first heap   total 409600K, used 215687K [0x0000000704400000, 0x0000000800000000)
  region size 2048K, 18 young (36864K), 2 survivors (4096K)
 Metaspace       used 265K, committed 448K, reserved 1056768K
  class space    used 12K, committed 128K, reserved 1048576K
}

Deoptimization events (2 events):
Event: 1.993 Thread 0x000001376a01c650 DEOPT PACKING pc=0x00000137005e2839 sp=0x0000001aa9eff3c0
Event: 1.993 Thread 0x000001376a01c650 DEOPT UNPACKING pc=0x0000013700052b43 sp=0x0000001aa9efe980 mode 0

Classes unloaded (0 events):
No events

Classes redefined (0 events):
No events

Internal exceptions (0 events):
No events

VM Operations (19 events):
Event: 1.087 Executing VM operation: Cleanup
Event: 1.087 Executing VM operation: Cleanup done
Event: 2.629 Executing VM operation: G1CollectForAllocation
Event: 2.739 Executing VM operation: G1CollectForAllocation done
Event: 3.618 Executing VM operation: G1CollectForAllocation
Event: 3.661 Executing VM operation: G1CollectForAllocation done
Event: 4.779 Executing VM operation: G1CollectForAllocation
Event: 4.879 Executing VM operation: G1CollectForAllocation done
Event: 7.471 Executing VM operation: G1CollectForAllocation
Event: 7.607 Executing VM operation: G1CollectForAllocation done
Event: 9.718 Executing VM operation: G1CollectForAllocation
Event: 9.820 Executing VM operation: G1CollectForAllocation done
Event: 12.659 Executing VM operation: G1CollectForAllocation
Event: 12.815 Executing VM operation: G1CollectForAllocation done
Event: 15.567 Executing VM operation: G1CollectForAllocation
Event: 15.719 Executing VM operation: G1CollectForAllocation done
Event: 22.937 Executing VM operation: G1CollectForAllocation
Event: 23.067 Executing VM operation: G1CollectForAllocation done
Event: 28.086 Executing VM operation: G1CollectForAllocation

Events (20 events):
Event: 0.129 Thread 0x000001377e548490 Thread added: 0x000001377e548490
Event: 0.130 Thread 0x000001377e552a90 Thread added: 0x000001377e552a90
Event: 0.295 Thread 0x000001377e613ac0 Thread added: 0x000001377e613ac0
Event: 0.306 loading class jdk/internal/loader/URLClassPath$FileLoader
Event: 0.307 loading class jdk/internal/loader/URLClassPath$FileLoader done
Event: 0.309 loading class jdk/internal/loader/URLClassPath$FileLoader$1
Event: 0.309 loading class jdk/internal/loader/URLClassPath$FileLoader$1 done
Event: 0.311 Thread 0x000001377e628280 Thread added: 0x000001377e628280
Event: 0.333 loading class java/util/Stack
Event: 0.333 loading class java/util/Vector
Event: 0.334 loading class java/util/Vector done
Event: 0.334 loading class java/util/Stack done
Event: 0.338 loading class java/lang/Math$RandomNumberGeneratorHolder
Event: 0.338 loading class java/lang/Math$RandomNumberGeneratorHolder done
Event: 0.343 loading class java/util/EmptyStackException
Event: 0.343 loading class java/util/EmptyStackException done
Event: 0.494 Thread 0x000001377e679b60 Thread added: 0x000001377e679b60
Event: 0.518 loading class jdk/internal/access/foreign/MemorySegmentProxy
Event: 0.519 loading class jdk/internal/access/foreign/MemorySegmentProxy done
Event: 1.449 Thread 0x000001377e679b60 Thread exited: 0x000001377e679b60


Dynamic libraries:
0x00007ff6b2830000 - 0x00007ff6b2840000 	C:\Program Files\Java\jdk-17.0.4.1\bin\javaw.exe
0x00007ff87f680000 - 0x00007ff87f870000 	C:\Windows\SYSTEM32\ntdll.dll
0x00007ff87eb60000 - 0x00007ff87ec12000 	C:\Windows\System32\KERNEL32.DLL
0x00007ff87cd90000 - 0x00007ff87d035000 	C:\Windows\System32\KERNELBASE.dll
0x00007ff87d040000 - 0x00007ff87d13a000 	C:\Windows\System32\ucrtbase.dll
0x00007ff869650000 - 0x00007ff869668000 	C:\Program Files\Java\jdk-17.0.4.1\bin\jli.dll
0x00007ff87eab0000 - 0x00007ff87eb53000 	C:\Windows\System32\ADVAPI32.dll
0x00007ff87e7b0000 - 0x00007ff87e84e000 	C:\Windows\System32\msvcrt.dll
0x00007ff87eea0000 - 0x00007ff87ef37000 	C:\Windows\System32\sechost.dll
0x00007ff87d750000 - 0x00007ff87d86f000 	C:\Windows\System32\RPCRT4.dll
0x00007ff87dfa0000 - 0x00007ff87e134000 	C:\Windows\System32\USER32.dll
0x00007ff87d700000 - 0x00007ff87d721000 	C:\Windows\System32\win32u.dll
0x00007ff87e140000 - 0x00007ff87e166000 	C:\Windows\System32\GDI32.dll
0x00007ff87d320000 - 0x00007ff87d4b8000 	C:\Windows\System32\gdi32full.dll
0x00007ff87d1f0000 - 0x00007ff87d28e000 	C:\Windows\System32\msvcp_win.dll
0x00007ff871430000 - 0x00007ff87144a000 	C:\Program Files\Java\jdk-17.0.4.1\bin\VCRUNTIME140.dll
0x00007ff8665d0000 - 0x00007ff866854000 	C:\Windows\WinSxS\amd64_microsoft.windows.common-controls_6595b64144ccf1df_6.0.18362.1556_none_9e7e372fe45e41d5\COMCTL32.dll
0x00007ff87dc60000 - 0x00007ff87df96000 	C:\Windows\System32\combase.dll
0x00007ff87d290000 - 0x00007ff87d311000 	C:\Windows\System32\bcryptPrimitives.dll
0x00007ff870de0000 - 0x00007ff870dea000 	C:\Windows\SYSTEM32\VERSION.dll
0x00007ff87ec30000 - 0x00007ff87ec5e000 	C:\Windows\System32\IMM32.DLL
0x00007ff866100000 - 0x00007ff86610c000 	C:\Program Files\Java\jdk-17.0.4.1\bin\vcruntime140_1.dll
0x00007ff84d7d0000 - 0x00007ff84d85d000 	C:\Program Files\Java\jdk-17.0.4.1\bin\msvcp140.dll
0x00007fffc43d0000 - 0x00007fffc4f92000 	C:\Program Files\Java\jdk-17.0.4.1\bin\server\jvm.dll
0x00007ff87f630000 - 0x00007ff87f638000 	C:\Windows\System32\PSAPI.DLL
0x00007ff85e5c0000 - 0x00007ff85e5c9000 	C:\Windows\SYSTEM32\WSOCK32.dll
0x00007ff87e2d0000 - 0x00007ff87e33f000 	C:\Windows\System32\WS2_32.dll
0x00007ff874f00000 - 0x00007ff874f24000 	C:\Windows\SYSTEM32\WINMM.dll
0x00007ff874ed0000 - 0x00007ff874efd000 	C:\Windows\SYSTEM32\WINMMBASE.dll
0x00007ff87d1a0000 - 0x00007ff87d1ea000 	C:\Windows\System32\cfgmgr32.dll
0x00007ff87c5d0000 - 0x00007ff87c5e1000 	C:\Windows\System32\kernel.appcore.dll
0x00007ff8634d0000 - 0x00007ff8634da000 	C:\Program Files\Java\jdk-17.0.4.1\bin\jimage.dll
0x00007ff87a5e0000 - 0x00007ff87a7d4000 	C:\Windows\SYSTEM32\DBGHELP.DLL
0x00007ff85e590000 - 0x00007ff85e5ba000 	C:\Windows\SYSTEM32\dbgcore.DLL
0x00007ff84e9f0000 - 0x00007ff84ea15000 	C:\Program Files\Java\jdk-17.0.4.1\bin\java.dll
0x00007ff838e20000 - 0x00007ff838ef6000 	C:\Program Files\Java\jdk-17.0.4.1\bin\jsvml.dll
0x00007ff87ef40000 - 0x00007ff87f627000 	C:\Windows\System32\SHELL32.dll
0x00007ff87ea00000 - 0x00007ff87eaa8000 	C:\Windows\System32\shcore.dll
0x00007ff87c610000 - 0x00007ff87cd8b000 	C:\Windows\System32\windows.storage.dll
0x00007ff87c590000 - 0x00007ff87c5ae000 	C:\Windows\System32\profapi.dll
0x00007ff87c540000 - 0x00007ff87c58a000 	C:\Windows\System32\powrprof.dll
0x00007ff87c530000 - 0x00007ff87c540000 	C:\Windows\System32\UMPDC.dll
0x00007ff87e180000 - 0x00007ff87e1d2000 	C:\Windows\System32\shlwapi.dll
0x00007ff87c5f0000 - 0x00007ff87c607000 	C:\Windows\System32\cryptsp.dll

dbghelp: loaded successfully - version: 4.0.5 - missing functions: none
symbol engine: initialized successfully - sym options: 0x614 - pdb path: .;C:\Program Files\Java\jdk-17.0.4.1\bin;C:\Windows\SYSTEM32;C:\Windows\WinSxS\amd64_microsoft.windows.common-controls_6595b64144ccf1df_6.0.18362.1556_none_9e7e372fe45e41d5;C:\Program Files\Java\jdk-17.0.4.1\bin\server

VM Arguments:
jvm_args: -Dfile.encoding=UTF-8 -XX:+ShowCodeDetailsInExceptionMessages 
java_command: Run
java_class_path (initial): C:\Users\mcecc\git\ProductionLine\ProductionLine\bin
Launcher Type: SUN_STANDARD

[Global flags]
     intx CICompilerCount                          = 4                                         {product} {ergonomic}
     uint ConcGCThreads                            = 2                                         {product} {ergonomic}
     uint G1ConcRefinementThreads                  = 8                                         {product} {ergonomic}
   size_t G1HeapRegionSize                         = 2097152                                   {product} {ergonomic}
    uintx GCDrainStackTargetSize                   = 64                                        {product} {ergonomic}
   size_t InitialHeapSize                          = 264241152                                 {product} {ergonomic}
   size_t MarkStackSize                            = 4194304                                   {product} {ergonomic}
   size_t MaxHeapSize                              = 4223664128                                {product} {ergonomic}
   size_t MaxNewSize                               = 2533359616                                {product} {ergonomic}
   size_t MinHeapDeltaBytes                        = 2097152                                   {product} {ergonomic}
   size_t MinHeapSize                              = 8388608                                   {product} {ergonomic}
    uintx NonNMethodCodeHeapSize                   = 5839372                                {pd product} {ergonomic}
    uintx NonProfiledCodeHeapSize                  = 122909434                              {pd product} {ergonomic}
    uintx ProfiledCodeHeapSize                     = 122909434                              {pd product} {ergonomic}
    uintx ReservedCodeCacheSize                    = 251658240                              {pd product} {ergonomic}
     bool SegmentedCodeCache                       = true                                      {product} {ergonomic}
     bool ShowCodeDetailsInExceptionMessages       = true                                   {manageable} {command line}
   size_t SoftMaxHeapSize                          = 4223664128                             {manageable} {ergonomic}
     bool UseCompressedClassPointers               = true                           {product lp64_product} {ergonomic}
     bool UseCompressedOops                        = true                           {product lp64_product} {ergonomic}
     bool UseG1GC                                  = true                                      {product} {ergonomic}
     bool UseLargePagesIndividualAllocation        = false                                  {pd product} {ergonomic}

Logging:
Log output configuration:
 #0: stdout all=warning uptime,level,tags
 #1: stderr all=off uptime,level,tags

Environment Variables:
PATH=C:\Python311\Scripts\;C:\Python311\;C:\Program Files\Common Files\Oracle\Java\javapath;C:\Program Files (x86)\Common Files\Oracle\Java\javapath;C:\Windows\system32;C:\Windows;C:\Windows\System32\Wbem;C:\Windows\System32\WindowsPowerShell\v1.0\;C:\Windows\System32\OpenSSH\;C:\Program Files\CMake\bin;c:\WINDOWS\System32\WBem;C:\Program Files\Git\cmd;C:\Program Files\nodejs\;C:\ProgramData\chocolatey\bin;C:\Users\mcecc\AppData\Local\Microsoft\WindowsApps;C:\Users\mcecc\AppData\Local\Programs\Microsoft VS Code\bin;C:\Users\mcecc\AppData\Roaming\npm
USERNAME=mcecc
OS=Windows_NT
PROCESSOR_IDENTIFIER=Intel64 Family 6 Model 142 Stepping 12, GenuineIntel



---------------  S Y S T E M  ---------------

OS:
 Windows 10 , 64 bit Build 18362 (10.0.18362.1500)
OS uptime: 28 days 5:21 hours

CPU: total 8 (initial active 8) (4 cores per cpu, 2 threads per core) family 6 model 142 stepping 12 microcode 0xea, cx8, cmov, fxsr, ht, mmx, 3dnowpref, sse, sse2, sse3, ssse3, sse4.1, sse4.2, popcnt, lzcnt, tsc, tscinvbit, avx, avx2, aes, erms, clmul, bmi1, bmi2, adx, fma, vzeroupper, clflush, clflushopt

Memory: 4k page, system-wide physical 16106M (560M free)
TotalPageFile size 46471M (AvailPageFile size 20M)
current process WorkingSet (physical memory assigned to process): 301M, peak: 301M
current process commit charge ("private bytes"): 493M, peak: 633M

vm_info: Java HotSpot(TM) 64-Bit Server VM (17.0.4.1+1-LTS-2) for windows-amd64 JRE (17.0.4.1+1-LTS-2), built on Aug 16 2022 18:32:06 by "mach5one" with MS VC++ 16.8 / 16.9 (VS2019)

END.
